<?xml version="1.0" encoding="UTF-8"?>
<testng-results ignored="0" total="1" passed="1" failed="0" skipped="0">
  <reporter-output>
  </reporter-output>
  <suite started-at="2022-06-20T16:43:15 IST" name="Default suite" finished-at="2022-06-20T16:43:47 IST" duration-ms="31813">
    <groups>
    </groups>
    <test started-at="2022-06-20T16:43:15 IST" name="Default test" finished-at="2022-06-20T16:43:47 IST" duration-ms="31813">
      <class name="com.crm.vtiger.testcases.TestNg.CreateOrganizationTestNGTest">
        <test-method is-config="true" signature="connectToDataBase()[pri:0, instance:com.crm.vtiger.testcases.TestNg.CreateOrganizationTestNGTest@2805d709]" started-at="2022-06-20T16:43:15 IST" name="connectToDataBase" finished-at="2022-06-20T16:43:15 IST" duration-ms="11" status="PASS">
          <reporter-output>
          </reporter-output>
        </test-method> <!-- connectToDataBase -->
        <test-method is-config="true" signature="launchTheBrowser()[pri:0, instance:com.crm.vtiger.testcases.TestNg.CreateOrganizationTestNGTest@2805d709]" started-at="2022-06-20T16:43:15 IST" name="launchTheBrowser" finished-at="2022-06-20T16:43:22 IST" duration-ms="7551" status="PASS">
          <reporter-output>
          </reporter-output>
        </test-method> <!-- launchTheBrowser -->
        <test-method is-config="true" signature="loginToAppln()[pri:0, instance:com.crm.vtiger.testcases.TestNg.CreateOrganizationTestNGTest@2805d709]" started-at="2022-06-20T16:43:22 IST" name="loginToAppln" finished-at="2022-06-20T16:43:26 IST" duration-ms="3308" status="PASS">
          <reporter-output>
          </reporter-output>
        </test-method> <!-- loginToAppln -->
        <test-method signature="createOrganizationTest()[pri:0, instance:com.crm.vtiger.testcases.TestNg.CreateOrganizationTestNGTest@2805d709]" started-at="2022-06-20T16:43:26 IST" name="createOrganizationTest" finished-at="2022-06-20T16:43:38 IST" duration-ms="12353" status="PASS">
          <reporter-output>
          </reporter-output>
        </test-method> <!-- createOrganizationTest -->
        <test-method is-config="true" signature="logoutFromAppln()[pri:0, instance:com.crm.vtiger.testcases.TestNg.CreateOrganizationTestNGTest@2805d709]" started-at="2022-06-20T16:43:38 IST" name="logoutFromAppln" finished-at="2022-06-20T16:43:45 IST" duration-ms="6841" status="PASS">
          <reporter-output>
          </reporter-output>
        </test-method> <!-- logoutFromAppln -->
        <test-method is-config="true" signature="closeBrowser()[pri:0, instance:com.crm.vtiger.testcases.TestNg.CreateOrganizationTestNGTest@2805d709]" started-at="2022-06-20T16:43:45 IST" name="closeBrowser" finished-at="2022-06-20T16:43:47 IST" duration-ms="1707" status="PASS">
          <reporter-output>
          </reporter-output>
        </test-method> <!-- closeBrowser -->
        <test-method is-config="true" signature="closeDataBase()[pri:0, instance:com.crm.vtiger.testcases.TestNg.CreateOrganizationTestNGTest@2805d709]" started-at="2022-06-20T16:43:47 IST" name="closeDataBase" finished-at="2022-06-20T16:43:47 IST" duration-ms="0" status="PASS">
          <reporter-output>
          </reporter-output>
        </test-method> <!-- closeDataBase -->
      </class> <!-- com.crm.vtiger.testcases.TestNg.CreateOrganizationTestNGTest -->
    </test> <!-- Default test -->
  </suite> <!-- Default suite -->
</testng-results>
