<?xml version="1.0" encoding="UTF-8"?>
<!-- Generated by org.testng.reporters.JUnitXMLReporter -->
<testsuite ignored="2" hostname="Admin-PC" failures="0" tests="2" name="TestRunner2" time="142.449" errors="0" timestamp="2022-06-17T07:51:12 IST">
  <testcase classname="com.crm.vtiger.testcases.TestNg.CreateOrganizationTestNGTest" name="createOrganizationTest" time="37.606"/>
  <testcase classname="com.crm.vtiger.testcases.TestNg.CreateCampaignAddProductVerifyUsingTestNGTest" name="CreateCampaignAddProductVerifyTest" time="40.201"/>
  <testcase classname="com.crm.comcast.genericutility.BaseClass" name="@BeforeSuite connectToDataBase" time="0.0">
    <ignored/>
  </testcase> <!-- @BeforeSuite connectToDataBase -->
  <testcase classname="com.crm.comcast.genericutility.BaseClass" name="@AfterSuite closeDataBase" time="0.0">
    <ignored/>
  </testcase> <!-- @AfterSuite closeDataBase -->
</testsuite> <!-- TestRunner2 -->
